<?xml version="1.0" encoding="UTF-8"?>
<testsuite xmlns:xsi="http://www.w3.org/2001/XMLSchema-instance" xsi:noNamespaceSchemaLocation="https://maven.apache.org/surefire/maven-surefire-plugin/xsd/surefire-test-report.xsd" name="ooad.AppTest" time="0.076" tests="1" errors="0" skipped="0" failures="0">
  <properties>
    <property name="sun.desktop" value="gnome"/>
    <property name="awt.toolkit" value="sun.awt.X11.XToolkit"/>
    <property name="file.encoding.pkg" value="sun.io"/>
    <property name="java.specification.version" value="1.8"/>
    <property name="sun.cpu.isalist" value=""/>
    <property name="sun.jnu.encoding" value="UTF-8"/>
    <property name="java.class.path" value="/home/harshavardhan/Downloads/OOAD_Java_Project_VCS-master/target/test-classes:/home/harshavardhan/Downloads/OOAD_Java_Project_VCS-master/target/classes:/home/harshavardhan/.m2/repository/junit/junit/4.11/junit-4.11.jar:/home/harshavardhan/.m2/repository/org/hamcrest/hamcrest-core/1.3/hamcrest-core-1.3.jar:/home/harshavardhan/.m2/repository/com/fasterxml/jackson/core/jackson-databind/2.13.2.2/jackson-databind-2.13.2.2.jar:/home/harshavardhan/.m2/repository/com/fasterxml/jackson/core/jackson-annotations/2.13.2/jackson-annotations-2.13.2.jar:/home/harshavardhan/.m2/repository/com/fasterxml/jackson/core/jackson-core/2.13.2/jackson-core-2.13.2.jar:/home/harshavardhan/.m2/repository/mysql/mysql-connector-java/8.0.28/mysql-connector-java-8.0.28.jar:/home/harshavardhan/.m2/repository/com/google/protobuf/protobuf-java/3.11.4/protobuf-java-3.11.4.jar:/home/harshavardhan/.m2/repository/org/hibernate/orm/hibernate-core/6.0.0.Final/hibernate-core-6.0.0.Final.jar:/home/harshavardhan/.m2/repository/jakarta/persistence/jakarta.persistence-api/3.0.0/jakarta.persistence-api-3.0.0.jar:/home/harshavardhan/.m2/repository/jakarta/transaction/jakarta.transaction-api/2.0.0/jakarta.transaction-api-2.0.0.jar:/home/harshavardhan/.m2/repository/org/jboss/logging/jboss-logging/3.4.3.Final/jboss-logging-3.4.3.Final.jar:/home/harshavardhan/.m2/repository/org/jboss/jandex/2.4.2.Final/jandex-2.4.2.Final.jar:/home/harshavardhan/.m2/repository/com/fasterxml/classmate/1.5.1/classmate-1.5.1.jar:/home/harshavardhan/.m2/repository/org/hibernate/common/hibernate-commons-annotations/6.0.0.CR1/hibernate-commons-annotations-6.0.0.CR1.jar:/home/harshavardhan/.m2/repository/net/bytebuddy/byte-buddy/1.12.8/byte-buddy-1.12.8.jar:/home/harshavardhan/.m2/repository/jakarta/activation/jakarta.activation-api/2.0.1/jakarta.activation-api-2.0.1.jar:/home/harshavardhan/.m2/repository/jakarta/xml/bind/jakarta.xml.bind-api/3.0.1/jakarta.xml.bind-api-3.0.1.jar:/home/harshavardhan/.m2/repository/com/sun/activation/jakarta.activation/2.0.1/jakarta.activation-2.0.1.jar:/home/harshavardhan/.m2/repository/org/glassfish/jaxb/jaxb-runtime/3.0.2/jaxb-runtime-3.0.2.jar:/home/harshavardhan/.m2/repository/org/glassfish/jaxb/jaxb-core/3.0.2/jaxb-core-3.0.2.jar:/home/harshavardhan/.m2/repository/org/glassfish/jaxb/txw2/3.0.2/txw2-3.0.2.jar:/home/harshavardhan/.m2/repository/com/sun/istack/istack-commons-runtime/4.0.1/istack-commons-runtime-4.0.1.jar:/home/harshavardhan/.m2/repository/jakarta/inject/jakarta.inject-api/2.0.0/jakarta.inject-api-2.0.0.jar:/home/harshavardhan/.m2/repository/org/antlr/antlr4-runtime/4.9.1/antlr4-runtime-4.9.1.jar:/home/harshavardhan/.m2/repository/org/hibernate/hibernate-entitymanager/3.5.1-Final/hibernate-entitymanager-3.5.1-Final.jar:/home/harshavardhan/.m2/repository/org/hibernate/hibernate-annotations/3.5.1-Final/hibernate-annotations-3.5.1-Final.jar:/home/harshavardhan/.m2/repository/org/hibernate/hibernate-commons-annotations/3.2.0.Final/hibernate-commons-annotations-3.2.0.Final.jar:/home/harshavardhan/.m2/repository/cglib/cglib/2.2/cglib-2.2.jar:/home/harshavardhan/.m2/repository/asm/asm/3.1/asm-3.1.jar:/home/harshavardhan/.m2/repository/javassist/javassist/3.9.0.GA/javassist-3.9.0.GA.jar:/home/harshavardhan/.m2/repository/org/hibernate/javax/persistence/hibernate-jpa-2.0-api/1.0.0.Final/hibernate-jpa-2.0-api-1.0.0.Final.jar:/home/harshavardhan/.m2/repository/org/slf4j/slf4j-api/1.5.8/slf4j-api-1.5.8.jar:"/>
    <property name="java.vm.vendor" value="Private Build"/>
    <property name="sun.arch.data.model" value="64"/>
    <property name="java.vendor.url" value="http://java.oracle.com/"/>
    <property name="user.timezone" value=""/>
    <property name="java.vm.specification.version" value="1.8"/>
    <property name="os.name" value="Linux"/>
    <property name="user.country" value="GB"/>
    <property name="sun.java.launcher" value="SUN_STANDARD"/>
    <property name="sun.boot.library.path" value="/usr/lib/jvm/java-8-openjdk-amd64/jre/lib/amd64"/>
    <property name="sun.java.command" value="/home/harshavardhan/Downloads/OOAD_Java_Project_VCS-master/target/surefire/surefirebooter2246258771455319123.jar /home/harshavardhan/Downloads/OOAD_Java_Project_VCS-master/target/surefire 2022-04-27T00-06-45_913-jvmRun1 surefire3851245582910163957tmp surefire_01181980714122626958tmp"/>
    <property name="surefire.test.class.path" value="/home/harshavardhan/Downloads/OOAD_Java_Project_VCS-master/target/test-classes:/home/harshavardhan/Downloads/OOAD_Java_Project_VCS-master/target/classes:/home/harshavardhan/.m2/repository/junit/junit/4.11/junit-4.11.jar:/home/harshavardhan/.m2/repository/org/hamcrest/hamcrest-core/1.3/hamcrest-core-1.3.jar:/home/harshavardhan/.m2/repository/com/fasterxml/jackson/core/jackson-databind/2.13.2.2/jackson-databind-2.13.2.2.jar:/home/harshavardhan/.m2/repository/com/fasterxml/jackson/core/jackson-annotations/2.13.2/jackson-annotations-2.13.2.jar:/home/harshavardhan/.m2/repository/com/fasterxml/jackson/core/jackson-core/2.13.2/jackson-core-2.13.2.jar:/home/harshavardhan/.m2/repository/mysql/mysql-connector-java/8.0.28/mysql-connector-java-8.0.28.jar:/home/harshavardhan/.m2/repository/com/google/protobuf/protobuf-java/3.11.4/protobuf-java-3.11.4.jar:/home/harshavardhan/.m2/repository/org/hibernate/orm/hibernate-core/6.0.0.Final/hibernate-core-6.0.0.Final.jar:/home/harshavardhan/.m2/repository/jakarta/persistence/jakarta.persistence-api/3.0.0/jakarta.persistence-api-3.0.0.jar:/home/harshavardhan/.m2/repository/jakarta/transaction/jakarta.transaction-api/2.0.0/jakarta.transaction-api-2.0.0.jar:/home/harshavardhan/.m2/repository/org/jboss/logging/jboss-logging/3.4.3.Final/jboss-logging-3.4.3.Final.jar:/home/harshavardhan/.m2/repository/org/jboss/jandex/2.4.2.Final/jandex-2.4.2.Final.jar:/home/harshavardhan/.m2/repository/com/fasterxml/classmate/1.5.1/classmate-1.5.1.jar:/home/harshavardhan/.m2/repository/org/hibernate/common/hibernate-commons-annotations/6.0.0.CR1/hibernate-commons-annotations-6.0.0.CR1.jar:/home/harshavardhan/.m2/repository/net/bytebuddy/byte-buddy/1.12.8/byte-buddy-1.12.8.jar:/home/harshavardhan/.m2/repository/jakarta/activation/jakarta.activation-api/2.0.1/jakarta.activation-api-2.0.1.jar:/home/harshavardhan/.m2/repository/jakarta/xml/bind/jakarta.xml.bind-api/3.0.1/jakarta.xml.bind-api-3.0.1.jar:/home/harshavardhan/.m2/repository/com/sun/activation/jakarta.activation/2.0.1/jakarta.activation-2.0.1.jar:/home/harshavardhan/.m2/repository/org/glassfish/jaxb/jaxb-runtime/3.0.2/jaxb-runtime-3.0.2.jar:/home/harshavardhan/.m2/repository/org/glassfish/jaxb/jaxb-core/3.0.2/jaxb-core-3.0.2.jar:/home/harshavardhan/.m2/repository/org/glassfish/jaxb/txw2/3.0.2/txw2-3.0.2.jar:/home/harshavardhan/.m2/repository/com/sun/istack/istack-commons-runtime/4.0.1/istack-commons-runtime-4.0.1.jar:/home/harshavardhan/.m2/repository/jakarta/inject/jakarta.inject-api/2.0.0/jakarta.inject-api-2.0.0.jar:/home/harshavardhan/.m2/repository/org/antlr/antlr4-runtime/4.9.1/antlr4-runtime-4.9.1.jar:/home/harshavardhan/.m2/repository/org/hibernate/hibernate-entitymanager/3.5.1-Final/hibernate-entitymanager-3.5.1-Final.jar:/home/harshavardhan/.m2/repository/org/hibernate/hibernate-annotations/3.5.1-Final/hibernate-annotations-3.5.1-Final.jar:/home/harshavardhan/.m2/repository/org/hibernate/hibernate-commons-annotations/3.2.0.Final/hibernate-commons-annotations-3.2.0.Final.jar:/home/harshavardhan/.m2/repository/cglib/cglib/2.2/cglib-2.2.jar:/home/harshavardhan/.m2/repository/asm/asm/3.1/asm-3.1.jar:/home/harshavardhan/.m2/repository/javassist/javassist/3.9.0.GA/javassist-3.9.0.GA.jar:/home/harshavardhan/.m2/repository/org/hibernate/javax/persistence/hibernate-jpa-2.0-api/1.0.0.Final/hibernate-jpa-2.0-api-1.0.0.Final.jar:/home/harshavardhan/.m2/repository/org/slf4j/slf4j-api/1.5.8/slf4j-api-1.5.8.jar:"/>
    <property name="sun.cpu.endian" value="little"/>
    <property name="user.home" value="/home/harshavardhan"/>
    <property name="user.language" value="en"/>
    <property name="java.specification.vendor" value="Oracle Corporation"/>
    <property name="java.home" value="/usr/lib/jvm/java-8-openjdk-amd64/jre"/>
    <property name="basedir" value="/home/harshavardhan/Downloads/OOAD_Java_Project_VCS-master"/>
    <property name="file.separator" value="/"/>
    <property name="line.separator" value="&#10;"/>
    <property name="java.vm.specification.vendor" value="Oracle Corporation"/>
    <property name="java.specification.name" value="Java Platform API Specification"/>
    <property name="java.awt.graphicsenv" value="sun.awt.X11GraphicsEnvironment"/>
    <property name="surefire.real.class.path" value="/home/harshavardhan/Downloads/OOAD_Java_Project_VCS-master/target/surefire/surefirebooter2246258771455319123.jar"/>
    <property name="sun.boot.class.path" value="/usr/lib/jvm/java-8-openjdk-amd64/jre/lib/resources.jar:/usr/lib/jvm/java-8-openjdk-amd64/jre/lib/rt.jar:/usr/lib/jvm/java-8-openjdk-amd64/jre/lib/sunrsasign.jar:/usr/lib/jvm/java-8-openjdk-amd64/jre/lib/jsse.jar:/usr/lib/jvm/java-8-openjdk-amd64/jre/lib/jce.jar:/usr/lib/jvm/java-8-openjdk-amd64/jre/lib/charsets.jar:/usr/lib/jvm/java-8-openjdk-amd64/jre/lib/jfr.jar:/usr/lib/jvm/java-8-openjdk-amd64/jre/classes"/>
    <property name="sun.management.compiler" value="HotSpot 64-Bit Tiered Compilers"/>
    <property name="java.runtime.version" value="1.8.0_312-8u312-b07-0ubuntu1~18.04-b07"/>
    <property name="user.name" value="harshavardhan"/>
    <property name="path.separator" value=":"/>
    <property name="os.version" value="5.4.0-104-generic"/>
    <property name="java.endorsed.dirs" value="/usr/lib/jvm/java-8-openjdk-amd64/jre/lib/endorsed"/>
    <property name="java.runtime.name" value="OpenJDK Runtime Environment"/>
    <property name="file.encoding" value="UTF-8"/>
    <property name="java.vm.name" value="OpenJDK 64-Bit Server VM"/>
    <property name="localRepository" value="/home/harshavardhan/.m2/repository"/>
    <property name="java.vendor.url.bug" value="http://bugreport.sun.com/bugreport/"/>
    <property name="java.io.tmpdir" value="/tmp"/>
    <property name="java.version" value="1.8.0_312"/>
    <property name="user.dir" value="/home/harshavardhan/Downloads/OOAD_Java_Project_VCS-master"/>
    <property name="os.arch" value="amd64"/>
    <property name="java.vm.specification.name" value="Java Virtual Machine Specification"/>
    <property name="java.awt.printerjob" value="sun.print.PSPrinterJob"/>
    <property name="sun.os.patch.level" value="unknown"/>
    <property name="java.library.path" value="/usr/java/packages/lib/amd64:/usr/lib/x86_64-linux-gnu/jni:/lib/x86_64-linux-gnu:/usr/lib/x86_64-linux-gnu:/usr/lib/jni:/lib:/usr/lib"/>
    <property name="java.vm.info" value="mixed mode"/>
    <property name="java.vendor" value="Private Build"/>
    <property name="java.vm.version" value="25.312-b07"/>
    <property name="java.ext.dirs" value="/usr/lib/jvm/java-8-openjdk-amd64/jre/lib/ext:/usr/java/packages/lib/ext"/>
    <property name="sun.io.unicode.encoding" value="UnicodeLittle"/>
    <property name="java.class.version" value="52.0"/>
  </properties>
  <testcase name="shouldAnswerWithTrue" classname="ooad.AppTest" time="0.003"/>
</testsuite>